# JRE version: Java(TM) SE Runtime Environment (8.0_221-b11) (build 1.8.0_221-b11)
# Java VM: Java HotSpot(TM) 64-Bit Server VM (25.221-b11 mixed mode windows-amd64 compressed oops)
Heap:
 PSYoungGen      total 226304K, used 29608K [0x00000000ebb80000, 0x00000000fa080000, 0x0000000100000000)
  eden space 220160K, 13% used [0x00000000ebb80000,0x00000000ed86a378,0x00000000f9280000)
  from space 6144K, 0% used [0x00000000f9480000,0x00000000f9480000,0x00000000f9a80000)
  to   space 4608K, 0% used [0x00000000f9c00000,0x00000000f9c00000,0x00000000fa080000)
 ParOldGen       total 48640K, used 14682K [0x00000000c3200000, 0x00000000c6180000, 0x00000000ebb80000)
  object space 48640K, 30% used [0x00000000c3200000,0x00000000c4056b18,0x00000000c6180000)
 Metaspace       used 34990K, capacity 36180K, committed 36392K, reserved 1081344K
  class space    used 4106K, capacity 4377K, committed 4480K, reserved 1048576K
GC Heap History (10 events):
Event: 13.408 GC heap before
{Heap before GC invocations=13 (full 1):
 PSYoungGen      total 165376K, used 410K [0x00000000ebb80000, 0x00000000f6200000, 0x0000000100000000)
  eden space 161792K, 0% used [0x00000000ebb80000,0x00000000ebb80000,0x00000000f5980000)
  from space 3584K, 11% used [0x00000000f5d80000,0x00000000f5de6bb8,0x00000000f6100000)
  to   space 4096K, 0% used [0x00000000f5980000,0x00000000f5980000,0x00000000f5d80000)
 ParOldGen       total 42496K, used 5255K [0x00000000c3200000, 0x00000000c5b80000, 0x00000000ebb80000)
  object space 42496K, 12% used [0x00000000c3200000,0x00000000c3721d70,0x00000000c5b80000)
 Metaspace       used 20715K, capacity 21230K, committed 21296K, reserved 1069056K
  class space    used 2493K, capacity 2660K, committed 2688K, reserved 1048576K
Event: 13.497 GC heap after
Heap after GC invocations=13 (full 1):
 PSYoungGen      total 165376K, used 0K [0x00000000ebb80000, 0x00000000f6200000, 0x0000000100000000)
  eden space 161792K, 0% used [0x00000000ebb80000,0x00000000ebb80000,0x00000000f5980000)
  from space 3584K, 0% used [0x00000000f5d80000,0x00000000f5d80000,0x00000000f6100000)
  to   space 4096K, 0% used [0x00000000f5980000,0x00000000f5980000,0x00000000f5d80000)
 ParOldGen       total 28160K, used 5347K [0x00000000c3200000, 0x00000000c4d80000, 0x00000000ebb80000)
  object space 28160K, 18% used [0x00000000c3200000,0x00000000c3738dc0,0x00000000c4d80000)
 Metaspace       used 20715K, capacity 21230K, committed 21296K, reserved 1069056K
  class space    used 2493K, capacity 2660K, committed 2688K, reserved 1048576K
}
Event: 16.460 GC heap before
{Heap before GC invocations=14 (full 1):
 PSYoungGen      total 165376K, used 161792K [0x00000000ebb80000, 0x00000000f6200000, 0x0000000100000000)
  eden space 161792K, 100% used [0x00000000ebb80000,0x00000000f5980000,0x00000000f5980000)
  from space 3584K, 0% used [0x00000000f5d80000,0x00000000f5d80000,0x00000000f6100000)
  to   space 4096K, 0% used [0x00000000f5980000,0x00000000f5980000,0x00000000f5d80000)
 ParOldGen       total 28160K, used 5347K [0x00000000c3200000, 0x00000000c4d80000, 0x00000000ebb80000)
  object space 28160K, 18% used [0x00000000c3200000,0x00000000c3738dc0,0x00000000c4d80000)
 Metaspace       used 25001K, capacity 25696K, committed 25984K, reserved 1073152K
  class space    used 2922K, capacity 3087K, committed 3200K, reserved 1048576K
Event: 16.471 GC heap after
Heap after GC invocations=14 (full 1):
 PSYoungGen      total 165888K, used 4086K [0x00000000ebb80000, 0x00000000fa080000, 0x0000000100000000)
  eden space 161792K, 0% used [0x00000000ebb80000,0x00000000ebb80000,0x00000000f5980000)
  from space 4096K, 99% used [0x00000000f5980000,0x00000000f5d7da58,0x00000000f5d80000)
  to   space 4608K, 0% used [0x00000000f9c00000,0x00000000f9c00000,0x00000000fa080000)
 ParOldGen       total 28160K, used 6178K [0x00000000c3200000, 0x00000000c4d80000, 0x00000000ebb80000)
  object space 28160K, 21% used [0x00000000c3200000,0x00000000c3808830,0x00000000c4d80000)
 Metaspace       used 25001K, capacity 25696K, committed 25984K, reserved 1073152K
  class space    used 2922K, capacity 3087K, committed 3200K, reserved 1048576K
}
Event: 19.518 GC heap before
{Heap before GC invocations=15 (full 1):
 PSYoungGen      total 165888K, used 165878K [0x00000000ebb80000, 0x00000000fa080000, 0x0000000100000000)
  eden space 161792K, 100% used [0x00000000ebb80000,0x00000000f5980000,0x00000000f5980000)
  from space 4096K, 99% used [0x00000000f5980000,0x00000000f5d7da58,0x00000000f5d80000)
  to   space 4608K, 0% used [0x00000000f9c00000,0x00000000f9c00000,0x00000000fa080000)
 ParOldGen       total 28160K, used 6178K [0x00000000c3200000, 0x00000000c4d80000, 0x00000000ebb80000)
  object space 28160K, 21% used [0x00000000c3200000,0x00000000c3808830,0x00000000c4d80000)
 Metaspace       used 28499K, capacity 29258K, committed 29440K, reserved 1075200K
  class space    used 3336K, capacity 3520K, committed 3584K, reserved 1048576K
Event: 19.527 GC heap after
Heap after GC invocations=15 (full 1):
 PSYoungGen      total 224768K, used 4598K [0x00000000ebb80000, 0x00000000fa080000, 0x0000000100000000)
  eden space 220160K, 0% used [0x00000000ebb80000,0x00000000ebb80000,0x00000000f9280000)
  from space 4608K, 99% used [0x00000000f9c00000,0x00000000fa07db08,0x00000000fa080000)
  to   space 6144K, 0% used [0x00000000f9480000,0x00000000f9480000,0x00000000f9a80000)
 ParOldGen       total 28160K, used 7886K [0x00000000c3200000, 0x00000000c4d80000, 0x00000000ebb80000)
  object space 28160K, 28% used [0x00000000c3200000,0x00000000c39b3b78,0x00000000c4d80000)
 Metaspace       used 28499K, capacity 29258K, committed 29440K, reserved 1075200K
  class space    used 3336K, capacity 3520K, committed 3584K, reserved 1048576K
}
Event: 23.034 GC heap before
{Heap before GC invocations=16 (full 1):
 PSYoungGen      total 224768K, used 177860K [0x00000000ebb80000, 0x00000000fa080000, 0x0000000100000000)
  eden space 220160K, 78% used [0x00000000ebb80000,0x00000000f64b38c8,0x00000000f9280000)
  from space 4608K, 99% used [0x00000000f9c00000,0x00000000fa07db08,0x00000000fa080000)
  to   space 6144K, 0% used [0x00000000f9480000,0x00000000f9480000,0x00000000f9a80000)
 ParOldGen       total 28160K, used 7886K [0x00000000c3200000, 0x00000000c4d80000, 0x00000000ebb80000)
  object space 28160K, 28% used [0x00000000c3200000,0x00000000c39b3b78,0x00000000c4d80000)
 Metaspace       used 34261K, capacity 35314K, committed 35496K, reserved 1081344K
  class space    used 4017K, capacity 4258K, committed 4352K, reserved 1048576K
Event: 23.052 GC heap after
Heap after GC invocations=16 (full 1):
 PSYoungGen      total 226304K, used 6134K [0x00000000ebb80000, 0x00000000fa080000, 0x0000000100000000)
  eden space 220160K, 0% used [0x00000000ebb80000,0x00000000ebb80000,0x00000000f9280000)
  from space 6144K, 99% used [0x00000000f9480000,0x00000000f9a7da20,0x00000000f9a80000)
  to   space 4608K, 0% used [0x00000000f9c00000,0x00000000f9c00000,0x00000000fa080000)
 ParOldGen       total 28160K, used 10878K [0x00000000c3200000, 0x00000000c4d80000, 0x00000000ebb80000)
  object space 28160K, 38% used [0x00000000c3200000,0x00000000c3c9f840,0x00000000c4d80000)
 Metaspace       used 34261K, capacity 35314K, committed 35496K, reserved 1081344K
  class space    used 4017K, capacity 4258K, committed 4352K, reserved 1048576K
}
Event: 23.052 GC heap before
{Heap before GC invocations=17 (full 2):
 PSYoungGen      total 226304K, used 6134K [0x00000000ebb80000, 0x00000000fa080000, 0x0000000100000000)
  eden space 220160K, 0% used [0x00000000ebb80000,0x00000000ebb80000,0x00000000f9280000)
  from space 6144K, 99% used [0x00000000f9480000,0x00000000f9a7da20,0x00000000f9a80000)
  to   space 4608K, 0% used [0x00000000f9c00000,0x00000000f9c00000,0x00000000fa080000)
 ParOldGen       total 28160K, used 10878K [0x00000000c3200000, 0x00000000c4d80000, 0x00000000ebb80000)
  object space 28160K, 38% used [0x00000000c3200000,0x00000000c3c9f840,0x00000000c4d80000)
 Metaspace       used 34261K, capacity 35314K, committed 35496K, reserved 1081344K
  class space    used 4017K, capacity 4258K, committed 4352K, reserved 1048576K
Event: 23.161 GC heap after
Heap after GC invocations=17 (full 2):
 PSYoungGen      total 226304K, used 0K [0x00000000ebb80000, 0x00000000fa080000, 0x0000000100000000)
  eden space 220160K, 0% used [0x00000000ebb80000,0x00000000ebb80000,0x00000000f9280000)
  from space 6144K, 0% used [0x00000000f9480000,0x00000000f9480000,0x00000000f9a80000)
  to   space 4608K, 0% used [0x00000000f9c00000,0x00000000f9c00000,0x00000000fa080000)
 ParOldGen       total 48640K, used 14682K [0x00000000c3200000, 0x00000000c6180000, 0x00000000ebb80000)
  object space 48640K, 30% used [0x00000000c3200000,0x00000000c4056b18,0x00000000c6180000)
 Metaspace       used 34261K, capacity 35314K, committed 35496K, reserved 1081344K
  class space    used 4017K, capacity 4258K, committed 4352K, reserved 1048576K
}

