# JRE version: Java(TM) SE Runtime Environment (8.0_221-b11) (build 1.8.0_221-b11)
# Java VM: Java HotSpot(TM) 64-Bit Server VM (25.221-b11 mixed mode windows-amd64 compressed oops)
Heap:
 PSYoungGen      total 93696K, used 32658K [0x00000000ebb80000, 0x00000000f4980000, 0x0000000100000000)
  eden space 89088K, 31% used [0x00000000ebb80000,0x00000000ed6ebc98,0x00000000f1280000)
  from space 4608K, 99% used [0x00000000f1e80000,0x00000000f22f8c38,0x00000000f2300000)
  to   space 12288K, 0% used [0x00000000f1280000,0x00000000f1280000,0x00000000f1e80000)
 ParOldGen       total 47104K, used 30892K [0x00000000c3200000, 0x00000000c6000000, 0x00000000ebb80000)
  object space 47104K, 65% used [0x00000000c3200000,0x00000000c502b3e0,0x00000000c6000000)
 Metaspace       used 53347K, capacity 55464K, committed 55728K, reserved 1097728K
  class space    used 7328K, capacity 7733K, committed 7856K, reserved 1048576K
GC Heap History (10 events):
Event: 9.584 GC heap before
{Heap before GC invocations=14 (full 1):
 PSYoungGen      total 71680K, used 71035K [0x00000000ebb80000, 0x00000000f0c80000, 0x0000000100000000)
  eden space 66560K, 100% used [0x00000000ebb80000,0x00000000efc80000,0x00000000efc80000)
  from space 5120K, 87% used [0x00000000f0200000,0x00000000f065ed88,0x00000000f0700000)
  to   space 5632K, 0% used [0x00000000efc80000,0x00000000efc80000,0x00000000f0200000)
 ParOldGen       total 29184K, used 9098K [0x00000000c3200000, 0x00000000c4e80000, 0x00000000ebb80000)
  object space 29184K, 31% used [0x00000000c3200000,0x00000000c3ae2a30,0x00000000c4e80000)
 Metaspace       used 30999K, capacity 32164K, committed 32304K, reserved 1077248K
  class space    used 4021K, capacity 4287K, committed 4400K, reserved 1048576K
Event: 9.603 GC heap after
Heap after GC invocations=14 (full 1):
 PSYoungGen      total 72192K, used 5510K [0x00000000ebb80000, 0x00000000f2480000, 0x0000000100000000)
  eden space 66560K, 0% used [0x00000000ebb80000,0x00000000ebb80000,0x00000000efc80000)
  from space 5632K, 97% used [0x00000000efc80000,0x00000000f01e1818,0x00000000f0200000)
  to   space 6144K, 0% used [0x00000000f1e80000,0x00000000f1e80000,0x00000000f2480000)
 ParOldGen       total 29184K, used 11282K [0x00000000c3200000, 0x00000000c4e80000, 0x00000000ebb80000)
  object space 29184K, 38% used [0x00000000c3200000,0x00000000c3d04a40,0x00000000c4e80000)
 Metaspace       used 30999K, capacity 32164K, committed 32304K, reserved 1077248K
  class space    used 4021K, capacity 4287K, committed 4400K, reserved 1048576K
}
Event: 10.410 GC heap before
{Heap before GC invocations=15 (full 1):
 PSYoungGen      total 72192K, used 43428K [0x00000000ebb80000, 0x00000000f2480000, 0x0000000100000000)
  eden space 66560K, 56% used [0x00000000ebb80000,0x00000000ee0877f0,0x00000000efc80000)
  from space 5632K, 97% used [0x00000000efc80000,0x00000000f01e1818,0x00000000f0200000)
  to   space 6144K, 0% used [0x00000000f1e80000,0x00000000f1e80000,0x00000000f2480000)
 ParOldGen       total 29184K, used 11282K [0x00000000c3200000, 0x00000000c4e80000, 0x00000000ebb80000)
  object space 29184K, 38% used [0x00000000c3200000,0x00000000c3d04a40,0x00000000c4e80000)
 Metaspace       used 34117K, capacity 35388K, committed 35496K, reserved 1081344K
  class space    used 4368K, capacity 4653K, committed 4656K, reserved 1048576K
Event: 10.420 GC heap after
Heap after GC invocations=15 (full 1):
 PSYoungGen      total 99328K, used 3448K [0x00000000ebb80000, 0x00000000f2300000, 0x0000000100000000)
  eden space 94720K, 0% used [0x00000000ebb80000,0x00000000ebb80000,0x00000000f1800000)
  from space 4608K, 74% used [0x00000000f1e80000,0x00000000f21de120,0x00000000f2300000)
  to   space 5632K, 0% used [0x00000000f1800000,0x00000000f1800000,0x00000000f1d80000)
 ParOldGen       total 29184K, used 14306K [0x00000000c3200000, 0x00000000c4e80000, 0x00000000ebb80000)
  object space 29184K, 49% used [0x00000000c3200000,0x00000000c3ff8a60,0x00000000c4e80000)
 Metaspace       used 34117K, capacity 35388K, committed 35496K, reserved 1081344K
  class space    used 4368K, capacity 4653K, committed 4656K, reserved 1048576K
}
Event: 10.420 GC heap before
{Heap before GC invocations=16 (full 2):
 PSYoungGen      total 99328K, used 3448K [0x00000000ebb80000, 0x00000000f2300000, 0x0000000100000000)
  eden space 94720K, 0% used [0x00000000ebb80000,0x00000000ebb80000,0x00000000f1800000)
  from space 4608K, 74% used [0x00000000f1e80000,0x00000000f21de120,0x00000000f2300000)
  to   space 5632K, 0% used [0x00000000f1800000,0x00000000f1800000,0x00000000f1d80000)
 ParOldGen       total 29184K, used 14306K [0x00000000c3200000, 0x00000000c4e80000, 0x00000000ebb80000)
  object space 29184K, 49% used [0x00000000c3200000,0x00000000c3ff8a60,0x00000000c4e80000)
 Metaspace       used 34117K, capacity 35388K, committed 35496K, reserved 1081344K
  class space    used 4368K, capacity 4653K, committed 4656K, reserved 1048576K
Event: 10.509 GC heap after
Heap after GC invocations=16 (full 2):
 PSYoungGen      total 99328K, used 0K [0x00000000ebb80000, 0x00000000f2300000, 0x0000000100000000)
  eden space 94720K, 0% used [0x00000000ebb80000,0x00000000ebb80000,0x00000000f1800000)
  from space 4608K, 0% used [0x00000000f1e80000,0x00000000f1e80000,0x00000000f2300000)
  to   space 5632K, 0% used [0x00000000f1800000,0x00000000f1800000,0x00000000f1d80000)
 ParOldGen       total 47104K, used 14562K [0x00000000c3200000, 0x00000000c6000000, 0x00000000ebb80000)
  object space 47104K, 30% used [0x00000000c3200000,0x00000000c4038800,0x00000000c6000000)
 Metaspace       used 34117K, capacity 35388K, committed 35496K, reserved 1081344K
  class space    used 4368K, capacity 4653K, committed 4656K, reserved 1048576K
}
Event: 12.836 GC heap before
{Heap before GC invocations=17 (full 2):
 PSYoungGen      total 99328K, used 94720K [0x00000000ebb80000, 0x00000000f2300000, 0x0000000100000000)
  eden space 94720K, 100% used [0x00000000ebb80000,0x00000000f1800000,0x00000000f1800000)
  from space 4608K, 0% used [0x00000000f1e80000,0x00000000f1e80000,0x00000000f2300000)
  to   space 5632K, 0% used [0x00000000f1800000,0x00000000f1800000,0x00000000f1d80000)
 ParOldGen       total 47104K, used 14562K [0x00000000c3200000, 0x00000000c6000000, 0x00000000ebb80000)
  object space 47104K, 30% used [0x00000000c3200000,0x00000000c4038800,0x00000000c6000000)
 Metaspace       used 45243K, capacity 46660K, committed 46896K, reserved 1089536K
  class space    used 6100K, capacity 6389K, committed 6448K, reserved 1048576K
Event: 12.855 GC heap after
Heap after GC invocations=17 (full 2):
 PSYoungGen      total 100352K, used 5618K [0x00000000ebb80000, 0x00000000f2300000, 0x0000000100000000)
  eden space 94720K, 0% used [0x00000000ebb80000,0x00000000ebb80000,0x00000000f1800000)
  from space 5632K, 99% used [0x00000000f1800000,0x00000000f1d7ca68,0x00000000f1d80000)
  to   space 4608K, 0% used [0x00000000f1e80000,0x00000000f1e80000,0x00000000f2300000)
 ParOldGen       total 47104K, used 22001K [0x00000000c3200000, 0x00000000c6000000, 0x00000000ebb80000)
  object space 47104K, 46% used [0x00000000c3200000,0x00000000c477c5b8,0x00000000c6000000)
 Metaspace       used 45243K, capacity 46660K, committed 46896K, reserved 1089536K
  class space    used 6100K, capacity 6389K, committed 6448K, reserved 1048576K
}
Event: 17.371 GC heap before
{Heap before GC invocations=18 (full 2):
 PSYoungGen      total 100352K, used 100338K [0x00000000ebb80000, 0x00000000f2300000, 0x0000000100000000)
  eden space 94720K, 100% used [0x00000000ebb80000,0x00000000f1800000,0x00000000f1800000)
  from space 5632K, 99% used [0x00000000f1800000,0x00000000f1d7ca68,0x00000000f1d80000)
  to   space 4608K, 0% used [0x00000000f1e80000,0x00000000f1e80000,0x00000000f2300000)
 ParOldGen       total 47104K, used 22001K [0x00000000c3200000, 0x00000000c6000000, 0x00000000ebb80000)
  object space 47104K, 46% used [0x00000000c3200000,0x00000000c477c5b8,0x00000000c6000000)
 Metaspace       used 52635K, capacity 54730K, committed 54832K, reserved 1095680K
  class space    used 7235K, capacity 7626K, committed 7728K, reserved 1048576K
Event: 17.388 GC heap after
Heap after GC invocations=18 (full 2):
 PSYoungGen      total 93696K, used 4579K [0x00000000ebb80000, 0x00000000f4980000, 0x0000000100000000)
  eden space 89088K, 0% used [0x00000000ebb80000,0x00000000ebb80000,0x00000000f1280000)
  from space 4608K, 99% used [0x00000000f1e80000,0x00000000f22f8c38,0x00000000f2300000)
  to   space 12288K, 0% used [0x00000000f1280000,0x00000000f1280000,0x00000000f1e80000)
 ParOldGen       total 47104K, used 30892K [0x00000000c3200000, 0x00000000c6000000, 0x00000000ebb80000)
  object space 47104K, 65% used [0x00000000c3200000,0x00000000c502b3e0,0x00000000c6000000)
 Metaspace       used 52635K, capacity 54730K, committed 54832K, reserved 1095680K
  class space    used 7235K, capacity 7626K, committed 7728K, reserved 1048576K
}

