# JRE version: Java(TM) SE Runtime Environment (8.0_221-b11) (build 1.8.0_221-b11)
# Java VM: Java HotSpot(TM) 64-Bit Server VM (25.221-b11 mixed mode windows-amd64 compressed oops)
Heap:
 PSYoungGen      total 181760K, used 36545K [0x00000000ebb80000, 0x00000000f7680000, 0x0000000100000000)
  eden space 177664K, 18% used [0x00000000ebb80000,0x00000000edbe8368,0x00000000f6900000)
  from space 4096K, 82% used [0x00000000f6d80000,0x00000000f70c82b0,0x00000000f7180000)
  to   space 4608K, 0% used [0x00000000f6900000,0x00000000f6900000,0x00000000f6d80000)
 ParOldGen       total 29184K, used 7899K [0x00000000c3200000, 0x00000000c4e80000, 0x00000000ebb80000)
  object space 29184K, 27% used [0x00000000c3200000,0x00000000c39b6f78,0x00000000c4e80000)
 Metaspace       used 27593K, capacity 28310K, committed 28544K, reserved 1075200K
  class space    used 3237K, capacity 3420K, committed 3456K, reserved 1048576K
GC Heap History (10 events):
Event: 6.487 GC heap before
{Heap before GC invocations=13 (full 0):
 PSYoungGen      total 84992K, used 84151K [0x00000000ebb80000, 0x00000000f1180000, 0x0000000100000000)
  eden space 81920K, 100% used [0x00000000ebb80000,0x00000000f0b80000,0x00000000f0b80000)
  from space 3072K, 72% used [0x00000000f0e80000,0x00000000f10ade70,0x00000000f1180000)
  to   space 3072K, 0% used [0x00000000f0b80000,0x00000000f0b80000,0x00000000f0e80000)
 ParOldGen       total 42496K, used 3753K [0x00000000c3200000, 0x00000000c5b80000, 0x00000000ebb80000)
  object space 42496K, 8% used [0x00000000c3200000,0x00000000c35aa5a8,0x00000000c5b80000)
 Metaspace       used 20040K, capacity 20550K, committed 20736K, reserved 1067008K
  class space    used 2406K, capacity 2548K, committed 2560K, reserved 1048576K
Event: 6.499 GC heap after
Heap after GC invocations=13 (full 0):
 PSYoungGen      total 84992K, used 2556K [0x00000000ebb80000, 0x00000000f4280000, 0x0000000100000000)
  eden space 81920K, 0% used [0x00000000ebb80000,0x00000000ebb80000,0x00000000f0b80000)
  from space 3072K, 83% used [0x00000000f0b80000,0x00000000f0dff2b0,0x00000000f0e80000)
  to   space 3584K, 0% used [0x00000000f3f00000,0x00000000f3f00000,0x00000000f4280000)
 ParOldGen       total 42496K, used 4435K [0x00000000c3200000, 0x00000000c5b80000, 0x00000000ebb80000)
  object space 42496K, 10% used [0x00000000c3200000,0x00000000c3654df8,0x00000000c5b80000)
 Metaspace       used 20040K, capacity 20550K, committed 20736K, reserved 1067008K
  class space    used 2406K, capacity 2548K, committed 2560K, reserved 1048576K
}
Event: 6.644 GC heap before
{Heap before GC invocations=14 (full 0):
 PSYoungGen      total 84992K, used 28087K [0x00000000ebb80000, 0x00000000f4280000, 0x0000000100000000)
  eden space 81920K, 31% used [0x00000000ebb80000,0x00000000ed46ed08,0x00000000f0b80000)
  from space 3072K, 83% used [0x00000000f0b80000,0x00000000f0dff2b0,0x00000000f0e80000)
  to   space 3584K, 0% used [0x00000000f3f00000,0x00000000f3f00000,0x00000000f4280000)
 ParOldGen       total 42496K, used 4435K [0x00000000c3200000, 0x00000000c5b80000, 0x00000000ebb80000)
  object space 42496K, 10% used [0x00000000c3200000,0x00000000c3654df8,0x00000000c5b80000)
 Metaspace       used 20726K, capacity 21224K, committed 21296K, reserved 1069056K
  class space    used 2492K, capacity 2659K, committed 2688K, reserved 1048576K
Event: 6.651 GC heap after
Heap after GC invocations=14 (full 0):
 PSYoungGen      total 134656K, used 1081K [0x00000000ebb80000, 0x00000000f4280000, 0x0000000100000000)
  eden space 131072K, 0% used [0x00000000ebb80000,0x00000000ebb80000,0x00000000f3b80000)
  from space 3584K, 30% used [0x00000000f3f00000,0x00000000f400e4b0,0x00000000f4280000)
  to   space 3584K, 0% used [0x00000000f3b80000,0x00000000f3b80000,0x00000000f3f00000)
 ParOldGen       total 42496K, used 5155K [0x00000000c3200000, 0x00000000c5b80000, 0x00000000ebb80000)
  object space 42496K, 12% used [0x00000000c3200000,0x00000000c3708e28,0x00000000c5b80000)
 Metaspace       used 20726K, capacity 21224K, committed 21296K, reserved 1069056K
  class space    used 2492K, capacity 2659K, committed 2688K, reserved 1048576K
}
Event: 6.651 GC heap before
{Heap before GC invocations=15 (full 1):
 PSYoungGen      total 134656K, used 1081K [0x00000000ebb80000, 0x00000000f4280000, 0x0000000100000000)
  eden space 131072K, 0% used [0x00000000ebb80000,0x00000000ebb80000,0x00000000f3b80000)
  from space 3584K, 30% used [0x00000000f3f00000,0x00000000f400e4b0,0x00000000f4280000)
  to   space 3584K, 0% used [0x00000000f3b80000,0x00000000f3b80000,0x00000000f3f00000)
 ParOldGen       total 42496K, used 5155K [0x00000000c3200000, 0x00000000c5b80000, 0x00000000ebb80000)
  object space 42496K, 12% used [0x00000000c3200000,0x00000000c3708e28,0x00000000c5b80000)
 Metaspace       used 20726K, capacity 21224K, committed 21296K, reserved 1069056K
  class space    used 2492K, capacity 2659K, committed 2688K, reserved 1048576K
Event: 6.745 GC heap after
Heap after GC invocations=15 (full 1):
 PSYoungGen      total 134656K, used 0K [0x00000000ebb80000, 0x00000000f4280000, 0x0000000100000000)
  eden space 131072K, 0% used [0x00000000ebb80000,0x00000000ebb80000,0x00000000f3b80000)
  from space 3584K, 0% used [0x00000000f3f00000,0x00000000f3f00000,0x00000000f4280000)
  to   space 3584K, 0% used [0x00000000f3b80000,0x00000000f3b80000,0x00000000f3f00000)
 ParOldGen       total 29184K, used 5916K [0x00000000c3200000, 0x00000000c4e80000, 0x00000000ebb80000)
  object space 29184K, 20% used [0x00000000c3200000,0x00000000c37c71b8,0x00000000c4e80000)
 Metaspace       used 20726K, capacity 21224K, committed 21296K, reserved 1069056K
  class space    used 2492K, capacity 2659K, committed 2688K, reserved 1048576K
}
Event: 7.591 GC heap before
{Heap before GC invocations=16 (full 1):
 PSYoungGen      total 134656K, used 131072K [0x00000000ebb80000, 0x00000000f4280000, 0x0000000100000000)
  eden space 131072K, 100% used [0x00000000ebb80000,0x00000000f3b80000,0x00000000f3b80000)
  from space 3584K, 0% used [0x00000000f3f00000,0x00000000f3f00000,0x00000000f4280000)
  to   space 3584K, 0% used [0x00000000f3b80000,0x00000000f3b80000,0x00000000f3f00000)
 ParOldGen       total 29184K, used 5916K [0x00000000c3200000, 0x00000000c4e80000, 0x00000000ebb80000)
  object space 29184K, 20% used [0x00000000c3200000,0x00000000c37c71b8,0x00000000c4e80000)
 Metaspace       used 24225K, capacity 24826K, committed 25088K, reserved 1071104K
  class space    used 2826K, capacity 2990K, committed 3072K, reserved 1048576K
Event: 7.601 GC heap after
Heap after GC invocations=16 (full 1):
 PSYoungGen      total 134656K, used 3556K [0x00000000ebb80000, 0x00000000f7180000, 0x0000000100000000)
  eden space 131072K, 0% used [0x00000000ebb80000,0x00000000ebb80000,0x00000000f3b80000)
  from space 3584K, 99% used [0x00000000f3b80000,0x00000000f3ef93f8,0x00000000f3f00000)
  to   space 4096K, 0% used [0x00000000f6d80000,0x00000000f6d80000,0x00000000f7180000)
 ParOldGen       total 29184K, used 6649K [0x00000000c3200000, 0x00000000c4e80000, 0x00000000ebb80000)
  object space 29184K, 22% used [0x00000000c3200000,0x00000000c387e770,0x00000000c4e80000)
 Metaspace       used 24225K, capacity 24826K, committed 25088K, reserved 1071104K
  class space    used 2826K, capacity 2990K, committed 3072K, reserved 1048576K
}
Event: 8.438 GC heap before
{Heap before GC invocations=17 (full 1):
 PSYoungGen      total 134656K, used 134628K [0x00000000ebb80000, 0x00000000f7180000, 0x0000000100000000)
  eden space 131072K, 100% used [0x00000000ebb80000,0x00000000f3b80000,0x00000000f3b80000)
  from space 3584K, 99% used [0x00000000f3b80000,0x00000000f3ef93f8,0x00000000f3f00000)
  to   space 4096K, 0% used [0x00000000f6d80000,0x00000000f6d80000,0x00000000f7180000)
 ParOldGen       total 29184K, used 6649K [0x00000000c3200000, 0x00000000c4e80000, 0x00000000ebb80000)
  object space 29184K, 22% used [0x00000000c3200000,0x00000000c387e770,0x00000000c4e80000)
 Metaspace       used 26837K, capacity 27562K, committed 27776K, reserved 1073152K
  class space    used 3136K, capacity 3348K, committed 3456K, reserved 1048576K
Event: 8.473 GC heap after
Heap after GC invocations=17 (full 1):
 PSYoungGen      total 181760K, used 3360K [0x00000000ebb80000, 0x00000000f7680000, 0x0000000100000000)
  eden space 177664K, 0% used [0x00000000ebb80000,0x00000000ebb80000,0x00000000f6900000)
  from space 4096K, 82% used [0x00000000f6d80000,0x00000000f70c82b0,0x00000000f7180000)
  to   space 4608K, 0% used [0x00000000f6900000,0x00000000f6900000,0x00000000f6d80000)
 ParOldGen       total 29184K, used 7899K [0x00000000c3200000, 0x00000000c4e80000, 0x00000000ebb80000)
  object space 29184K, 27% used [0x00000000c3200000,0x00000000c39b6f78,0x00000000c4e80000)
 Metaspace       used 26837K, capacity 27562K, committed 27776K, reserved 1073152K
  class space    used 3136K, capacity 3348K, committed 3456K, reserved 1048576K
}

