# JRE version: Java(TM) SE Runtime Environment (8.0_221-b11) (build 1.8.0_221-b11)
# Java VM: Java HotSpot(TM) 64-Bit Server VM (25.221-b11 mixed mode windows-amd64 compressed oops)
Heap:
 PSYoungGen      total 207360K, used 33346K [0x00000000ebb80000, 0x00000000fd900000, 0x0000000100000000)
  eden space 201728K, 13% used [0x00000000ebb80000,0x00000000ed6955b8,0x00000000f8080000)
  from space 5632K, 99% used [0x00000000f8080000,0x00000000f85fb5b0,0x00000000f8600000)
  to   space 6144K, 0% used [0x00000000fd300000,0x00000000fd300000,0x00000000fd900000)
 ParOldGen       total 28672K, used 6113K [0x00000000c3200000, 0x00000000c4e00000, 0x00000000ebb80000)
  object space 28672K, 21% used [0x00000000c3200000,0x00000000c37f8568,0x00000000c4e00000)
 Metaspace       used 25760K, capacity 26400K, committed 26496K, reserved 1073152K
  class space    used 3008K, capacity 3151K, committed 3200K, reserved 1048576K
GC Heap History (10 events):
Event: 4.882 GC heap before
{Heap before GC invocations=8 (full 0):
 PSYoungGen      total 66560K, used 66227K [0x00000000ebb80000, 0x00000000f3e80000, 0x0000000100000000)
  eden space 62976K, 100% used [0x00000000ebb80000,0x00000000ef900000,0x00000000ef900000)
  from space 3584K, 90% used [0x00000000ef900000,0x00000000efc2cc38,0x00000000efc80000)
  to   space 4096K, 0% used [0x00000000f3a80000,0x00000000f3a80000,0x00000000f3e80000)
 ParOldGen       total 42496K, used 2111K [0x00000000c3200000, 0x00000000c5b80000, 0x00000000ebb80000)
  object space 42496K, 4% used [0x00000000c3200000,0x00000000c340fc40,0x00000000c5b80000)
 Metaspace       used 16075K, capacity 16386K, committed 16512K, reserved 1064960K
  class space    used 1803K, capacity 1891K, committed 1920K, reserved 1048576K
Event: 4.892 GC heap after
Heap after GC invocations=8 (full 0):
 PSYoungGen      total 130048K, used 3338K [0x00000000ebb80000, 0x00000000f3e80000, 0x0000000100000000)
  eden space 125952K, 0% used [0x00000000ebb80000,0x00000000ebb80000,0x00000000f3680000)
  from space 4096K, 81% used [0x00000000f3a80000,0x00000000f3dc2958,0x00000000f3e80000)
  to   space 4096K, 0% used [0x00000000f3680000,0x00000000f3680000,0x00000000f3a80000)
 ParOldGen       total 42496K, used 2572K [0x00000000c3200000, 0x00000000c5b80000, 0x00000000ebb80000)
  object space 42496K, 6% used [0x00000000c3200000,0x00000000c3483028,0x00000000c5b80000)
 Metaspace       used 16075K, capacity 16386K, committed 16512K, reserved 1064960K
  class space    used 1803K, capacity 1891K, committed 1920K, reserved 1048576K
}
Event: 6.445 GC heap before
{Heap before GC invocations=9 (full 0):
 PSYoungGen      total 130048K, used 129290K [0x00000000ebb80000, 0x00000000f3e80000, 0x0000000100000000)
  eden space 125952K, 100% used [0x00000000ebb80000,0x00000000f3680000,0x00000000f3680000)
  from space 4096K, 81% used [0x00000000f3a80000,0x00000000f3dc2958,0x00000000f3e80000)
  to   space 4096K, 0% used [0x00000000f3680000,0x00000000f3680000,0x00000000f3a80000)
 ParOldGen       total 42496K, used 2572K [0x00000000c3200000, 0x00000000c5b80000, 0x00000000ebb80000)
  object space 42496K, 6% used [0x00000000c3200000,0x00000000c3483028,0x00000000c5b80000)
 Metaspace       used 20023K, capacity 20548K, committed 20736K, reserved 1067008K
  class space    used 2402K, capacity 2547K, committed 2560K, reserved 1048576K
Event: 6.459 GC heap after
Heap after GC invocations=9 (full 0):
 PSYoungGen      total 130048K, used 4078K [0x00000000ebb80000, 0x00000000f8b80000, 0x0000000100000000)
  eden space 125952K, 0% used [0x00000000ebb80000,0x00000000ebb80000,0x00000000f3680000)
  from space 4096K, 99% used [0x00000000f3680000,0x00000000f3a7bb90,0x00000000f3a80000)
  to   space 5632K, 0% used [0x00000000f8600000,0x00000000f8600000,0x00000000f8b80000)
 ParOldGen       total 42496K, used 4519K [0x00000000c3200000, 0x00000000c5b80000, 0x00000000ebb80000)
  object space 42496K, 10% used [0x00000000c3200000,0x00000000c3669f40,0x00000000c5b80000)
 Metaspace       used 20023K, capacity 20548K, committed 20736K, reserved 1067008K
  class space    used 2402K, capacity 2547K, committed 2560K, reserved 1048576K
}
Event: 6.660 GC heap before
{Heap before GC invocations=10 (full 0):
 PSYoungGen      total 130048K, used 29544K [0x00000000ebb80000, 0x00000000f8b80000, 0x0000000100000000)
  eden space 125952K, 20% used [0x00000000ebb80000,0x00000000ed45e800,0x00000000f3680000)
  from space 4096K, 99% used [0x00000000f3680000,0x00000000f3a7bb90,0x00000000f3a80000)
  to   space 5632K, 0% used [0x00000000f8600000,0x00000000f8600000,0x00000000f8b80000)
 ParOldGen       total 42496K, used 4519K [0x00000000c3200000, 0x00000000c5b80000, 0x00000000ebb80000)
  object space 42496K, 10% used [0x00000000c3200000,0x00000000c3669f40,0x00000000c5b80000)
 Metaspace       used 20690K, capacity 21204K, committed 21296K, reserved 1069056K
  class space    used 2491K, capacity 2655K, committed 2688K, reserved 1048576K
Event: 6.668 GC heap after
Heap after GC invocations=10 (full 0):
 PSYoungGen      total 207360K, used 2134K [0x00000000ebb80000, 0x00000000f8b80000, 0x0000000100000000)
  eden space 201728K, 0% used [0x00000000ebb80000,0x00000000ebb80000,0x00000000f8080000)
  from space 5632K, 37% used [0x00000000f8600000,0x00000000f8815ab0,0x00000000f8b80000)
  to   space 5632K, 0% used [0x00000000f8080000,0x00000000f8080000,0x00000000f8600000)
 ParOldGen       total 42496K, used 5764K [0x00000000c3200000, 0x00000000c5b80000, 0x00000000ebb80000)
  object space 42496K, 13% used [0x00000000c3200000,0x00000000c37a1120,0x00000000c5b80000)
 Metaspace       used 20690K, capacity 21204K, committed 21296K, reserved 1069056K
  class space    used 2491K, capacity 2655K, committed 2688K, reserved 1048576K
}
Event: 6.668 GC heap before
{Heap before GC invocations=11 (full 1):
 PSYoungGen      total 207360K, used 2134K [0x00000000ebb80000, 0x00000000f8b80000, 0x0000000100000000)
  eden space 201728K, 0% used [0x00000000ebb80000,0x00000000ebb80000,0x00000000f8080000)
  from space 5632K, 37% used [0x00000000f8600000,0x00000000f8815ab0,0x00000000f8b80000)
  to   space 5632K, 0% used [0x00000000f8080000,0x00000000f8080000,0x00000000f8600000)
 ParOldGen       total 42496K, used 5764K [0x00000000c3200000, 0x00000000c5b80000, 0x00000000ebb80000)
  object space 42496K, 13% used [0x00000000c3200000,0x00000000c37a1120,0x00000000c5b80000)
 Metaspace       used 20690K, capacity 21204K, committed 21296K, reserved 1069056K
  class space    used 2491K, capacity 2655K, committed 2688K, reserved 1048576K
Event: 6.728 GC heap after
Heap after GC invocations=11 (full 1):
 PSYoungGen      total 207360K, used 0K [0x00000000ebb80000, 0x00000000f8b80000, 0x0000000100000000)
  eden space 201728K, 0% used [0x00000000ebb80000,0x00000000ebb80000,0x00000000f8080000)
  from space 5632K, 0% used [0x00000000f8600000,0x00000000f8600000,0x00000000f8b80000)
  to   space 5632K, 0% used [0x00000000f8080000,0x00000000f8080000,0x00000000f8600000)
 ParOldGen       total 28672K, used 5724K [0x00000000c3200000, 0x00000000c4e00000, 0x00000000ebb80000)
  object space 28672K, 19% used [0x00000000c3200000,0x00000000c3797160,0x00000000c4e00000)
 Metaspace       used 20690K, capacity 21204K, committed 21296K, reserved 1069056K
  class space    used 2491K, capacity 2655K, committed 2688K, reserved 1048576K
}
Event: 8.212 GC heap before
{Heap before GC invocations=12 (full 1):
 PSYoungGen      total 207360K, used 201728K [0x00000000ebb80000, 0x00000000f8b80000, 0x0000000100000000)
  eden space 201728K, 100% used [0x00000000ebb80000,0x00000000f8080000,0x00000000f8080000)
  from space 5632K, 0% used [0x00000000f8600000,0x00000000f8600000,0x00000000f8b80000)
  to   space 5632K, 0% used [0x00000000f8080000,0x00000000f8080000,0x00000000f8600000)
 ParOldGen       total 28672K, used 5724K [0x00000000c3200000, 0x00000000c4e00000, 0x00000000ebb80000)
  object space 28672K, 19% used [0x00000000c3200000,0x00000000c3797160,0x00000000c4e00000)
 Metaspace       used 25696K, capacity 26336K, committed 26496K, reserved 1073152K
  class space    used 2998K, capacity 3151K, committed 3200K, reserved 1048576K
Event: 8.225 GC heap after
Heap after GC invocations=12 (full 1):
 PSYoungGen      total 207360K, used 5613K [0x00000000ebb80000, 0x00000000fd900000, 0x0000000100000000)
  eden space 201728K, 0% used [0x00000000ebb80000,0x00000000ebb80000,0x00000000f8080000)
  from space 5632K, 99% used [0x00000000f8080000,0x00000000f85fb5b0,0x00000000f8600000)
  to   space 6144K, 0% used [0x00000000fd300000,0x00000000fd300000,0x00000000fd900000)
 ParOldGen       total 28672K, used 6113K [0x00000000c3200000, 0x00000000c4e00000, 0x00000000ebb80000)
  object space 28672K, 21% used [0x00000000c3200000,0x00000000c37f8568,0x00000000c4e00000)
 Metaspace       used 25696K, capacity 26336K, committed 26496K, reserved 1073152K
  class space    used 2998K, capacity 3151K, committed 3200K, reserved 1048576K
}

