# JRE version: Java(TM) SE Runtime Environment (8.0_221-b11) (build 1.8.0_221-b11)
# Java VM: Java HotSpot(TM) 64-Bit Server VM (25.221-b11 mixed mode windows-amd64 compressed oops)
Heap:
 PSYoungGen      total 206848K, used 176255K [0x00000000ebb80000, 0x00000000fcd80000, 0x0000000100000000)
  eden space 201728K, 84% used [0x00000000ebb80000,0x00000000f62a1690,0x00000000f8080000)
  from space 5120K, 99% used [0x00000000f8080000,0x00000000f857e928,0x00000000f8580000)
  to   space 6144K, 0% used [0x00000000fc780000,0x00000000fc780000,0x00000000fcd80000)
 ParOldGen       total 30208K, used 6087K [0x00000000c3200000, 0x00000000c4f80000, 0x00000000ebb80000)
  object space 30208K, 20% used [0x00000000c3200000,0x00000000c37f1d80,0x00000000c4f80000)
 Metaspace       used 29767K, capacity 30568K, committed 30848K, reserved 1077248K
  class space    used 3493K, capacity 3681K, committed 3712K, reserved 1048576K
GC Heap History (10 events):
Event: 3.783 GC heap before
{Heap before GC invocations=8 (full 0):
 PSYoungGen      total 66560K, used 66176K [0x00000000ebb80000, 0x00000000f3e80000, 0x0000000100000000)
  eden space 62976K, 100% used [0x00000000ebb80000,0x00000000ef900000,0x00000000ef900000)
  from space 3584K, 89% used [0x00000000ef900000,0x00000000efc20020,0x00000000efc80000)
  to   space 4096K, 0% used [0x00000000f3a80000,0x00000000f3a80000,0x00000000f3e80000)
 ParOldGen       total 42496K, used 2076K [0x00000000c3200000, 0x00000000c5b80000, 0x00000000ebb80000)
  object space 42496K, 4% used [0x00000000c3200000,0x00000000c3407228,0x00000000c5b80000)
 Metaspace       used 16087K, capacity 16426K, committed 16512K, reserved 1064960K
  class space    used 1811K, capacity 1919K, committed 1920K, reserved 1048576K
Event: 3.793 GC heap after
Heap after GC invocations=8 (full 0):
 PSYoungGen      total 130048K, used 3406K [0x00000000ebb80000, 0x00000000f3e80000, 0x0000000100000000)
  eden space 125952K, 0% used [0x00000000ebb80000,0x00000000ebb80000,0x00000000f3680000)
  from space 4096K, 83% used [0x00000000f3a80000,0x00000000f3dd3be8,0x00000000f3e80000)
  to   space 4096K, 0% used [0x00000000f3680000,0x00000000f3680000,0x00000000f3a80000)
 ParOldGen       total 42496K, used 2537K [0x00000000c3200000, 0x00000000c5b80000, 0x00000000ebb80000)
  object space 42496K, 5% used [0x00000000c3200000,0x00000000c347a610,0x00000000c5b80000)
 Metaspace       used 16087K, capacity 16426K, committed 16512K, reserved 1064960K
  class space    used 1811K, capacity 1919K, committed 1920K, reserved 1048576K
}
Event: 5.030 GC heap before
{Heap before GC invocations=9 (full 0):
 PSYoungGen      total 130048K, used 129358K [0x00000000ebb80000, 0x00000000f3e80000, 0x0000000100000000)
  eden space 125952K, 100% used [0x00000000ebb80000,0x00000000f3680000,0x00000000f3680000)
  from space 4096K, 83% used [0x00000000f3a80000,0x00000000f3dd3be8,0x00000000f3e80000)
  to   space 4096K, 0% used [0x00000000f3680000,0x00000000f3680000,0x00000000f3a80000)
 ParOldGen       total 42496K, used 2537K [0x00000000c3200000, 0x00000000c5b80000, 0x00000000ebb80000)
  object space 42496K, 5% used [0x00000000c3200000,0x00000000c347a610,0x00000000c5b80000)
 Metaspace       used 20056K, capacity 20566K, committed 20736K, reserved 1067008K
  class space    used 2407K, capacity 2548K, committed 2560K, reserved 1048576K
Event: 5.048 GC heap after
Heap after GC invocations=9 (full 0):
 PSYoungGen      total 130048K, used 4094K [0x00000000ebb80000, 0x00000000f8b80000, 0x0000000100000000)
  eden space 125952K, 0% used [0x00000000ebb80000,0x00000000ebb80000,0x00000000f3680000)
  from space 4096K, 99% used [0x00000000f3680000,0x00000000f3a7f800,0x00000000f3a80000)
  to   space 5632K, 0% used [0x00000000f8600000,0x00000000f8600000,0x00000000f8b80000)
 ParOldGen       total 42496K, used 4515K [0x00000000c3200000, 0x00000000c5b80000, 0x00000000ebb80000)
  object space 42496K, 10% used [0x00000000c3200000,0x00000000c3668c70,0x00000000c5b80000)
 Metaspace       used 20056K, capacity 20566K, committed 20736K, reserved 1067008K
  class space    used 2407K, capacity 2548K, committed 2560K, reserved 1048576K
}
Event: 5.242 GC heap before
{Heap before GC invocations=10 (full 0):
 PSYoungGen      total 130048K, used 25020K [0x00000000ebb80000, 0x00000000f8b80000, 0x0000000100000000)
  eden space 125952K, 16% used [0x00000000ebb80000,0x00000000ecfefba0,0x00000000f3680000)
  from space 4096K, 99% used [0x00000000f3680000,0x00000000f3a7f800,0x00000000f3a80000)
  to   space 5632K, 0% used [0x00000000f8600000,0x00000000f8600000,0x00000000f8b80000)
 ParOldGen       total 42496K, used 4515K [0x00000000c3200000, 0x00000000c5b80000, 0x00000000ebb80000)
  object space 42496K, 10% used [0x00000000c3200000,0x00000000c3668c70,0x00000000c5b80000)
 Metaspace       used 20688K, capacity 21196K, committed 21296K, reserved 1069056K
  class space    used 2486K, capacity 2623K, committed 2688K, reserved 1048576K
Event: 5.254 GC heap after
Heap after GC invocations=10 (full 0):
 PSYoungGen      total 206336K, used 1923K [0x00000000ebb80000, 0x00000000f8a80000, 0x0000000100000000)
  eden space 201728K, 0% used [0x00000000ebb80000,0x00000000ebb80000,0x00000000f8080000)
  from space 4608K, 41% used [0x00000000f8600000,0x00000000f87e0cc8,0x00000000f8a80000)
  to   space 5120K, 0% used [0x00000000f8080000,0x00000000f8080000,0x00000000f8580000)
 ParOldGen       total 42496K, used 5759K [0x00000000c3200000, 0x00000000c5b80000, 0x00000000ebb80000)
  object space 42496K, 13% used [0x00000000c3200000,0x00000000c379fe50,0x00000000c5b80000)
 Metaspace       used 20688K, capacity 21196K, committed 21296K, reserved 1069056K
  class space    used 2486K, capacity 2623K, committed 2688K, reserved 1048576K
}
Event: 5.254 GC heap before
{Heap before GC invocations=11 (full 1):
 PSYoungGen      total 206336K, used 1923K [0x00000000ebb80000, 0x00000000f8a80000, 0x0000000100000000)
  eden space 201728K, 0% used [0x00000000ebb80000,0x00000000ebb80000,0x00000000f8080000)
  from space 4608K, 41% used [0x00000000f8600000,0x00000000f87e0cc8,0x00000000f8a80000)
  to   space 5120K, 0% used [0x00000000f8080000,0x00000000f8080000,0x00000000f8580000)
 ParOldGen       total 42496K, used 5759K [0x00000000c3200000, 0x00000000c5b80000, 0x00000000ebb80000)
  object space 42496K, 13% used [0x00000000c3200000,0x00000000c379fe50,0x00000000c5b80000)
 Metaspace       used 20688K, capacity 21196K, committed 21296K, reserved 1069056K
  class space    used 2486K, capacity 2623K, committed 2688K, reserved 1048576K
Event: 5.343 GC heap after
Heap after GC invocations=11 (full 1):
 PSYoungGen      total 206336K, used 0K [0x00000000ebb80000, 0x00000000f8a80000, 0x0000000100000000)
  eden space 201728K, 0% used [0x00000000ebb80000,0x00000000ebb80000,0x00000000f8080000)
  from space 4608K, 0% used [0x00000000f8600000,0x00000000f8600000,0x00000000f8a80000)
  to   space 5120K, 0% used [0x00000000f8080000,0x00000000f8080000,0x00000000f8580000)
 ParOldGen       total 30208K, used 5582K [0x00000000c3200000, 0x00000000c4f80000, 0x00000000ebb80000)
  object space 30208K, 18% used [0x00000000c3200000,0x00000000c3773ab0,0x00000000c4f80000)
 Metaspace       used 20688K, capacity 21196K, committed 21296K, reserved 1069056K
  class space    used 2486K, capacity 2623K, committed 2688K, reserved 1048576K
}
Event: 6.963 GC heap before
{Heap before GC invocations=12 (full 1):
 PSYoungGen      total 206336K, used 201728K [0x00000000ebb80000, 0x00000000f8a80000, 0x0000000100000000)
  eden space 201728K, 100% used [0x00000000ebb80000,0x00000000f8080000,0x00000000f8080000)
  from space 4608K, 0% used [0x00000000f8600000,0x00000000f8600000,0x00000000f8a80000)
  to   space 5120K, 0% used [0x00000000f8080000,0x00000000f8080000,0x00000000f8580000)
 ParOldGen       total 30208K, used 5582K [0x00000000c3200000, 0x00000000c4f80000, 0x00000000ebb80000)
  object space 30208K, 18% used [0x00000000c3200000,0x00000000c3773ab0,0x00000000c4f80000)
 Metaspace       used 25365K, capacity 25976K, committed 26240K, reserved 1073152K
  class space    used 2956K, capacity 3131K, committed 3200K, reserved 1048576K
Event: 6.974 GC heap after
Heap after GC invocations=12 (full 1):
 PSYoungGen      total 206848K, used 5114K [0x00000000ebb80000, 0x00000000fcd80000, 0x0000000100000000)
  eden space 201728K, 0% used [0x00000000ebb80000,0x00000000ebb80000,0x00000000f8080000)
  from space 5120K, 99% used [0x00000000f8080000,0x00000000f857e928,0x00000000f8580000)
  to   space 6144K, 0% used [0x00000000fc780000,0x00000000fc780000,0x00000000fcd80000)
 ParOldGen       total 30208K, used 6087K [0x00000000c3200000, 0x00000000c4f80000, 0x00000000ebb80000)
  object space 30208K, 20% used [0x00000000c3200000,0x00000000c37f1d80,0x00000000c4f80000)
 Metaspace       used 25365K, capacity 25976K, committed 26240K, reserved 1073152K
  class space    used 2956K, capacity 3131K, committed 3200K, reserved 1048576K
}

