# JRE version: Java(TM) SE Runtime Environment (8.0_221-b11) (build 1.8.0_221-b11)
# Java VM: Java HotSpot(TM) 64-Bit Server VM (25.221-b11 mixed mode windows-amd64 compressed oops)
Heap:
 PSYoungGen      total 101888K, used 19075K [0x00000000ebb80000, 0x00000000f4080000, 0x0000000100000000)
  eden space 97792K, 15% used [0x00000000ebb80000,0x00000000eca62e98,0x00000000f1b00000)
  from space 4096K, 93% used [0x00000000f3c80000,0x00000000f403df40,0x00000000f4080000)
  to   space 6144K, 0% used [0x00000000f3480000,0x00000000f3480000,0x00000000f3a80000)
 ParOldGen       total 34816K, used 8982K [0x00000000c3200000, 0x00000000c5400000, 0x00000000ebb80000)
  object space 34816K, 25% used [0x00000000c3200000,0x00000000c3ac5ba0,0x00000000c5400000)
 Metaspace       used 24526K, capacity 25200K, committed 25392K, reserved 1071104K
  class space    used 3163K, capacity 3351K, committed 3376K, reserved 1048576K
GC Heap History (10 events):
Event: 2.799 GC heap before
{Heap before GC invocations=5 (full 0):
 PSYoungGen      total 34304K, used 34287K [0x00000000ebb80000, 0x00000000edf80000, 0x0000000100000000)
  eden space 31744K, 100% used [0x00000000ebb80000,0x00000000eda80000,0x00000000eda80000)
  from space 2560K, 99% used [0x00000000edd00000,0x00000000edf7bc60,0x00000000edf80000)
  to   space 2560K, 0% used [0x00000000eda80000,0x00000000eda80000,0x00000000edd00000)
 ParOldGen       total 42496K, used 3187K [0x00000000c3200000, 0x00000000c5b80000, 0x00000000ebb80000)
  object space 42496K, 7% used [0x00000000c3200000,0x00000000c351ce18,0x00000000c5b80000)
 Metaspace       used 15581K, capacity 16024K, committed 16256K, reserved 1062912K
  class space    used 1984K, capacity 2113K, committed 2176K, reserved 1048576K
Event: 2.807 GC heap after
Heap after GC invocations=5 (full 0):
 PSYoungGen      total 34304K, used 2556K [0x00000000ebb80000, 0x00000000f0480000, 0x0000000100000000)
  eden space 31744K, 0% used [0x00000000ebb80000,0x00000000ebb80000,0x00000000eda80000)
  from space 2560K, 99% used [0x00000000eda80000,0x00000000edcff158,0x00000000edd00000)
  to   space 5632K, 0% used [0x00000000eff00000,0x00000000eff00000,0x00000000f0480000)
 ParOldGen       total 42496K, used 5882K [0x00000000c3200000, 0x00000000c5b80000, 0x00000000ebb80000)
  object space 42496K, 13% used [0x00000000c3200000,0x00000000c37be988,0x00000000c5b80000)
 Metaspace       used 15581K, capacity 16024K, committed 16256K, reserved 1062912K
  class space    used 1984K, capacity 2113K, committed 2176K, reserved 1048576K
}
Event: 3.107 GC heap before
{Heap before GC invocations=6 (full 0):
 PSYoungGen      total 34304K, used 34300K [0x00000000ebb80000, 0x00000000f0480000, 0x0000000100000000)
  eden space 31744K, 100% used [0x00000000ebb80000,0x00000000eda80000,0x00000000eda80000)
  from space 2560K, 99% used [0x00000000eda80000,0x00000000edcff158,0x00000000edd00000)
  to   space 5632K, 0% used [0x00000000eff00000,0x00000000eff00000,0x00000000f0480000)
 ParOldGen       total 42496K, used 5882K [0x00000000c3200000, 0x00000000c5b80000, 0x00000000ebb80000)
  object space 42496K, 13% used [0x00000000c3200000,0x00000000c37be988,0x00000000c5b80000)
 Metaspace       used 17633K, capacity 18176K, committed 18432K, reserved 1064960K
  class space    used 2327K, capacity 2483K, committed 2560K, reserved 1048576K
Event: 3.118 GC heap after
Heap after GC invocations=6 (full 0):
 PSYoungGen      total 68608K, used 5097K [0x00000000ebb80000, 0x00000000f0580000, 0x0000000100000000)
  eden space 62976K, 0% used [0x00000000ebb80000,0x00000000ebb80000,0x00000000ef900000)
  from space 5632K, 90% used [0x00000000eff00000,0x00000000f03fa708,0x00000000f0480000)
  to   space 6144K, 0% used [0x00000000ef900000,0x00000000ef900000,0x00000000eff00000)
 ParOldGen       total 42496K, used 5890K [0x00000000c3200000, 0x00000000c5b80000, 0x00000000ebb80000)
  object space 42496K, 13% used [0x00000000c3200000,0x00000000c37c0988,0x00000000c5b80000)
 Metaspace       used 17633K, capacity 18176K, committed 18432K, reserved 1064960K
  class space    used 2327K, capacity 2483K, committed 2560K, reserved 1048576K
}
Event: 3.512 GC heap before
{Heap before GC invocations=7 (full 0):
 PSYoungGen      total 68608K, used 33585K [0x00000000ebb80000, 0x00000000f0580000, 0x0000000100000000)
  eden space 62976K, 45% used [0x00000000ebb80000,0x00000000ed7520d8,0x00000000ef900000)
  from space 5632K, 90% used [0x00000000eff00000,0x00000000f03fa708,0x00000000f0480000)
  to   space 6144K, 0% used [0x00000000ef900000,0x00000000ef900000,0x00000000eff00000)
 ParOldGen       total 42496K, used 5890K [0x00000000c3200000, 0x00000000c5b80000, 0x00000000ebb80000)
  object space 42496K, 13% used [0x00000000c3200000,0x00000000c37c0988,0x00000000c5b80000)
 Metaspace       used 20668K, capacity 21198K, committed 21296K, reserved 1067008K
  class space    used 2672K, capacity 2844K, committed 2864K, reserved 1048576K
Event: 3.527 GC heap after
Heap after GC invocations=7 (full 0):
 PSYoungGen      total 69120K, used 5173K [0x00000000ebb80000, 0x00000000f4280000, 0x0000000100000000)
  eden space 62976K, 0% used [0x00000000ebb80000,0x00000000ebb80000,0x00000000ef900000)
  from space 6144K, 84% used [0x00000000ef900000,0x00000000efe0d430,0x00000000eff00000)
  to   space 6144K, 0% used [0x00000000f3c80000,0x00000000f3c80000,0x00000000f4280000)
 ParOldGen       total 42496K, used 7100K [0x00000000c3200000, 0x00000000c5b80000, 0x00000000ebb80000)
  object space 42496K, 16% used [0x00000000c3200000,0x00000000c38ef0a8,0x00000000c5b80000)
 Metaspace       used 20668K, capacity 21198K, committed 21296K, reserved 1067008K
  class space    used 2672K, capacity 2844K, committed 2864K, reserved 1048576K
}
Event: 3.527 GC heap before
{Heap before GC invocations=8 (full 1):
 PSYoungGen      total 69120K, used 5173K [0x00000000ebb80000, 0x00000000f4280000, 0x0000000100000000)
  eden space 62976K, 0% used [0x00000000ebb80000,0x00000000ebb80000,0x00000000ef900000)
  from space 6144K, 84% used [0x00000000ef900000,0x00000000efe0d430,0x00000000eff00000)
  to   space 6144K, 0% used [0x00000000f3c80000,0x00000000f3c80000,0x00000000f4280000)
 ParOldGen       total 42496K, used 7100K [0x00000000c3200000, 0x00000000c5b80000, 0x00000000ebb80000)
  object space 42496K, 16% used [0x00000000c3200000,0x00000000c38ef0a8,0x00000000c5b80000)
 Metaspace       used 20668K, capacity 21198K, committed 21296K, reserved 1067008K
  class space    used 2672K, capacity 2844K, committed 2864K, reserved 1048576K
Event: 3.590 GC heap after
Heap after GC invocations=8 (full 1):
 PSYoungGen      total 69120K, used 0K [0x00000000ebb80000, 0x00000000f4280000, 0x0000000100000000)
  eden space 62976K, 0% used [0x00000000ebb80000,0x00000000ebb80000,0x00000000ef900000)
  from space 6144K, 0% used [0x00000000ef900000,0x00000000ef900000,0x00000000eff00000)
  to   space 6144K, 0% used [0x00000000f3c80000,0x00000000f3c80000,0x00000000f4280000)
 ParOldGen       total 34816K, used 8974K [0x00000000c3200000, 0x00000000c5400000, 0x00000000ebb80000)
  object space 34816K, 25% used [0x00000000c3200000,0x00000000c3ac3ba0,0x00000000c5400000)
 Metaspace       used 20668K, capacity 21198K, committed 21296K, reserved 1067008K
  class space    used 2672K, capacity 2844K, committed 2864K, reserved 1048576K
}
Event: 4.051 GC heap before
{Heap before GC invocations=9 (full 1):
 PSYoungGen      total 69120K, used 62976K [0x00000000ebb80000, 0x00000000f4280000, 0x0000000100000000)
  eden space 62976K, 100% used [0x00000000ebb80000,0x00000000ef900000,0x00000000ef900000)
  from space 6144K, 0% used [0x00000000ef900000,0x00000000ef900000,0x00000000eff00000)
  to   space 6144K, 0% used [0x00000000f3c80000,0x00000000f3c80000,0x00000000f4280000)
 ParOldGen       total 34816K, used 8974K [0x00000000c3200000, 0x00000000c5400000, 0x00000000ebb80000)
  object space 34816K, 25% used [0x00000000c3200000,0x00000000c3ac3ba0,0x00000000c5400000)
 Metaspace       used 23061K, capacity 23706K, committed 23984K, reserved 1071104K
  class space    used 2974K, capacity 3150K, committed 3248K, reserved 1048576K
Event: 4.059 GC heap after
Heap after GC invocations=9 (full 1):
 PSYoungGen      total 101888K, used 3831K [0x00000000ebb80000, 0x00000000f4080000, 0x0000000100000000)
  eden space 97792K, 0% used [0x00000000ebb80000,0x00000000ebb80000,0x00000000f1b00000)
  from space 4096K, 93% used [0x00000000f3c80000,0x00000000f403df40,0x00000000f4080000)
  to   space 6144K, 0% used [0x00000000f3480000,0x00000000f3480000,0x00000000f3a80000)
 ParOldGen       total 34816K, used 8982K [0x00000000c3200000, 0x00000000c5400000, 0x00000000ebb80000)
  object space 34816K, 25% used [0x00000000c3200000,0x00000000c3ac5ba0,0x00000000c5400000)
 Metaspace       used 23061K, capacity 23706K, committed 23984K, reserved 1071104K
  class space    used 2974K, capacity 3150K, committed 3248K, reserved 1048576K
}

